<?xml version="1.0" encoding="UTF-8"?>
<testsuite xmlns:xsi="http://www.w3.org/2001/XMLSchema-instance" xsi:noNamespaceSchemaLocation="https://maven.apache.org/surefire/maven-surefire-plugin/xsd/surefire-test-report.xsd" name="com.mycompany.app.AppTest" time="0.173" tests="1" errors="0" skipped="0" failures="0">
  <properties>
    <property name="sun.desktop" value="windows"/>
    <property name="awt.toolkit" value="sun.awt.windows.WToolkit"/>
    <property name="file.encoding.pkg" value="sun.io"/>
    <property name="java.specification.version" value="1.8"/>
    <property name="sun.cpu.isalist" value="amd64"/>
    <property name="sun.jnu.encoding" value="Cp1252"/>
    <property name="java.class.path" value="E:\Analytics\EventMGM\EventSystem\target\test-classes;E:\Analytics\EventMGM\EventSystem\target\classes;C:\Users\Hemant\.m2\repository\junit\junit\4.11\junit-4.11.jar;C:\Users\Hemant\.m2\repository\org\hamcrest\hamcrest-core\1.3\hamcrest-core-1.3.jar;C:\Users\Hemant\.m2\repository\com\sun\jersey\jersey-server\1.17\jersey-server-1.17.jar;C:\Users\Hemant\.m2\repository\asm\asm\3.1\asm-3.1.jar;C:\Users\Hemant\.m2\repository\com\sun\jersey\jersey-core\1.17\jersey-core-1.17.jar;C:\Users\Hemant\.m2\repository\com\sun\jersey\jersey-servlet\1.17\jersey-servlet-1.17.jar;C:\Users\Hemant\.m2\repository\javax\ws\rs\jsr311-api\1.1.1\jsr311-api-1.1.1.jar;C:\Users\Hemant\.m2\repository\com\sun\jersey\jersey-client\1.17\jersey-client-1.17.jar;C:\Users\Hemant\.m2\repository\javax\servlet\javax.servlet-api\4.0.1\javax.servlet-api-4.0.1.jar;C:\Users\Hemant\.m2\repository\com\h2database\h2\1.4.200\h2-1.4.200.jar;C:\Users\Hemant\.m2\repository\org\json\json\20201115\json-20201115.jar;C:\Users\Hemant\.m2\repository\org\codehaus\jettison\jettison\1.4.1\jettison-1.4.1.jar;"/>
    <property name="java.vm.vendor" value="Oracle Corporation"/>
    <property name="sun.arch.data.model" value="64"/>
    <property name="user.variant" value=""/>
    <property name="java.vendor.url" value="http://java.oracle.com/"/>
    <property name="user.timezone" value="Asia/Calcutta"/>
    <property name="java.vm.specification.version" value="1.8"/>
    <property name="os.name" value="Windows 10"/>
    <property name="user.country" value="US"/>
    <property name="sun.java.launcher" value="SUN_STANDARD"/>
    <property name="sun.boot.library.path" value="C:\Program Files\Java\jdk1.8.0_141\jre\bin"/>
    <property name="sun.java.command" value="C:\Users\Hemant\AppData\Local\Temp\surefire2750302264930007467\surefirebooter5128059112271105671.jar C:\Users\Hemant\AppData\Local\Temp\surefire2750302264930007467 2020-11-25T01-32-00_659-jvmRun1 surefire8107475118378364506tmp surefire_08473592427486802600tmp"/>
    <property name="surefire.test.class.path" value="E:\Analytics\EventMGM\EventSystem\target\test-classes;E:\Analytics\EventMGM\EventSystem\target\classes;C:\Users\Hemant\.m2\repository\junit\junit\4.11\junit-4.11.jar;C:\Users\Hemant\.m2\repository\org\hamcrest\hamcrest-core\1.3\hamcrest-core-1.3.jar;C:\Users\Hemant\.m2\repository\com\sun\jersey\jersey-server\1.17\jersey-server-1.17.jar;C:\Users\Hemant\.m2\repository\asm\asm\3.1\asm-3.1.jar;C:\Users\Hemant\.m2\repository\com\sun\jersey\jersey-core\1.17\jersey-core-1.17.jar;C:\Users\Hemant\.m2\repository\com\sun\jersey\jersey-servlet\1.17\jersey-servlet-1.17.jar;C:\Users\Hemant\.m2\repository\javax\ws\rs\jsr311-api\1.1.1\jsr311-api-1.1.1.jar;C:\Users\Hemant\.m2\repository\com\sun\jersey\jersey-client\1.17\jersey-client-1.17.jar;C:\Users\Hemant\.m2\repository\javax\servlet\javax.servlet-api\4.0.1\javax.servlet-api-4.0.1.jar;C:\Users\Hemant\.m2\repository\com\h2database\h2\1.4.200\h2-1.4.200.jar;C:\Users\Hemant\.m2\repository\org\json\json\20201115\json-20201115.jar;C:\Users\Hemant\.m2\repository\org\codehaus\jettison\jettison\1.4.1\jettison-1.4.1.jar;"/>
    <property name="sun.cpu.endian" value="little"/>
    <property name="user.home" value="C:\Users\Hemant"/>
    <property name="user.language" value="en"/>
    <property name="java.specification.vendor" value="Oracle Corporation"/>
    <property name="java.home" value="C:\Program Files\Java\jdk1.8.0_141\jre"/>
    <property name="basedir" value="E:\Analytics\EventMGM\EventSystem"/>
    <property name="file.separator" value="\"/>
    <property name="line.separator" value="&#10;"/>
    <property name="java.vm.specification.vendor" value="Oracle Corporation"/>
    <property name="java.specification.name" value="Java Platform API Specification"/>
    <property name="java.awt.graphicsenv" value="sun.awt.Win32GraphicsEnvironment"/>
    <property name="surefire.real.class.path" value="C:\Users\Hemant\AppData\Local\Temp\surefire2750302264930007467\surefirebooter5128059112271105671.jar;C:\\Users\\Hemant\\.m2\\repository\\org\\jacoco\\org.jacoco.agent\\0.8.4\\org.jacoco.agent-0.8.4-runtime.jar"/>
    <property name="sun.boot.class.path" value="C:\Program Files\Java\jdk1.8.0_141\jre\lib\resources.jar;C:\Program Files\Java\jdk1.8.0_141\jre\lib\rt.jar;C:\Program Files\Java\jdk1.8.0_141\jre\lib\sunrsasign.jar;C:\Program Files\Java\jdk1.8.0_141\jre\lib\jsse.jar;C:\Program Files\Java\jdk1.8.0_141\jre\lib\jce.jar;C:\Program Files\Java\jdk1.8.0_141\jre\lib\charsets.jar;C:\Program Files\Java\jdk1.8.0_141\jre\lib\jfr.jar;C:\Program Files\Java\jdk1.8.0_141\jre\classes"/>
    <property name="user.script" value=""/>
    <property name="sun.management.compiler" value="HotSpot 64-Bit Tiered Compilers"/>
    <property name="java.runtime.version" value="1.8.0_141-b15"/>
    <property name="user.name" value="Hemant"/>
    <property name="path.separator" value=";"/>
    <property name="os.version" value="10.0"/>
    <property name="java.endorsed.dirs" value="C:\Program Files\Java\jdk1.8.0_141\jre\lib\endorsed"/>
    <property name="java.runtime.name" value="Java(TM) SE Runtime Environment"/>
    <property name="file.encoding" value="Cp1252"/>
    <property name="java.vm.name" value="Java HotSpot(TM) 64-Bit Server VM"/>
    <property name="localRepository" value="C:\Users\Hemant\.m2\repository"/>
    <property name="java.vendor.url.bug" value="http://bugreport.sun.com/bugreport/"/>
    <property name="java.io.tmpdir" value="C:\Users\Hemant\AppData\Local\Temp\"/>
    <property name="java.version" value="1.8.0_141"/>
    <property name="user.dir" value="E:\Analytics\EventMGM\EventSystem"/>
    <property name="os.arch" value="amd64"/>
    <property name="java.vm.specification.name" value="Java Virtual Machine Specification"/>
    <property name="java.awt.printerjob" value="sun.awt.windows.WPrinterJob"/>
    <property name="sun.os.patch.level" value=""/>
    <property name="java.library.path" value="C:\Program Files\Java\jdk1.8.0_141\jre\bin;C:\WINDOWS\Sun\Java\bin;C:\WINDOWS\system32;C:\WINDOWS;C:\ProgramData\Oracle\Java\javapath;C:\WINDOWS\system32;C:\WINDOWS;C:\WINDOWS\System32\Wbem;C:\WINDOWS\System32\WindowsPowerShell\v1.0\;C:\WINDOWS\System32\OpenSSH\;C:\Program Files\Java\jdk1.8.0_141\bin;C:\Program Files\Git\cmd;C:\Users\Hemant\Downloads\New_Downloads\apache-tomcat-7.0.106\bin;C:\Users\Hemant\Downloads\New_Downloads\h2*.jar;C:\Users\Hemant\Downloads\New_Downloads\nn\apache-maven-3.6.3\bin;C:\Users\Hemant\AppData\Local\Programs\Python\Python37-32\Scripts\;C:\Users\Hemant\AppData\Local\Programs\Python\Python37-32\;C:\Users\Hemant\AppData\Local\Microsoft\WindowsApps;C:\Program Files\JetBrains\IntelliJ IDEA 2020.2.1\bin;;C:\Users\Hemant\Downloads\New_Downloads\h2*.jar;;."/>
    <property name="java.vm.info" value="mixed mode"/>
    <property name="java.vendor" value="Oracle Corporation"/>
    <property name="java.vm.version" value="25.141-b15"/>
    <property name="java.ext.dirs" value="C:\Program Files\Java\jdk1.8.0_141\jre\lib\ext;C:\WINDOWS\Sun\Java\lib\ext"/>
    <property name="sun.io.unicode.encoding" value="UnicodeLittle"/>
    <property name="java.class.version" value="52.0"/>
  </properties>
  <testcase name="shouldAnswerWithTrue" classname="com.mycompany.app.AppTest" time="0.005"/>
</testsuite>